[2024-01-02 23:38:24,562] [citros.citros_obj.__init__:91] [DEBUG]: Citros root=.
[2024-01-02 23:38:24,563] [citros.citros_obj.__init__:93] [DEBUG]: Citros.init(name=project, new=True)
[2024-01-02 23:38:24,564] [citros.citros_obj._new:176] [DEBUG]: Citros._new()
[2024-01-02 23:38:24,564] [citros.citros_obj.copy_default_citros_files:297] [DEBUG]: Citros.copy_default_citros_files()
[2024-01-02 23:38:24,568] [citros.citros_obj.copy_default_citros_files:303] [DEBUG]: copying /media/psf/dev/github/lulav-citros/cli/data/defaults/citros to .citros
[2024-01-02 23:38:24,595] [citros.citros_obj.copy_default_citros_files:307] [DEBUG]: Done copying default citros files.
[2024-01-02 23:38:24,596] [citros.citros_obj._new:184] [DEBUG]: creating .citros/settings.json
[2024-01-02 23:38:24,597] [citros.citros_obj.__init__:91] [DEBUG]: Citros root=.
[2024-01-02 23:38:24,597] [citros.citros_obj.__init__:93] [DEBUG]:    Settings.init(name=settings, new=True)
[2024-01-02 23:38:24,600] [citros.citros_obj.get_citros_ignore_list:293] [DEBUG]: Could not find .citrosignore in .citros
[2024-01-02 23:38:24,619] [citros.citros_obj.get_project_packages:412] [DEBUG]:  + get_project_packages ['src/cannon_analytic', 'src/cannon_numeric', 'src/scheduler']
[2024-01-02 23:38:24,620] [citros.citros_obj.get_project_packages:416] [DEBUG]: package_path: src/cannon_analytic
[2024-01-02 23:38:24,624] [citros.citros_obj.get_project_packages:416] [DEBUG]: package_path: src/cannon_numeric
[2024-01-02 23:38:24,629] [citros.citros_obj.get_project_packages:416] [DEBUG]: package_path: src/scheduler
[2024-01-02 23:38:24,635] [citros.citros_obj._new:206] [DEBUG]: creating .citros/parameter_setups/default_param_setup.json
[2024-01-02 23:38:24,636] [citros.citros_obj.__init__:91] [DEBUG]: Citros root=.
[2024-01-02 23:38:24,636] [citros.citros_obj.__init__:93] [DEBUG]:    ParameterSetup.init(name=default_param_setup, new=True)
[2024-01-02 23:38:24,637] [citros.citros_obj._new:59] [DEBUG]:    ParameterSetup._new()
[2024-01-02 23:38:24,638] [citros.citros_obj._validate:49] [DEBUG]:    ParameterSetup._validate()
[2024-01-02 23:38:24,642] [citros.citros_obj._new:219] [DEBUG]: creating .citros/simulations/*
[2024-01-02 23:38:24,642] [citros.citros_obj.__init__:91] [DEBUG]: Citros root=.
[2024-01-02 23:38:24,643] [citros.citros_obj.__init__:93] [DEBUG]:    Simulation.init(name=simulation_cannon_analytic, new=True)
[2024-01-02 23:38:24,644] [citros.citros_obj._new:506] [DEBUG]:    Simulation._new()
[2024-01-02 23:38:24,645] [citros.citros_obj._validate:452] [DEBUG]:    Simulation._validate()
[2024-01-02 23:38:24,647] [citros.citros_obj.__init__:91] [DEBUG]: Citros root=.
[2024-01-02 23:38:24,648] [citros.citros_obj.__init__:93] [DEBUG]:       ParameterSetup.init(name=default_param_setup, new=True)
[2024-01-02 23:38:24,648] [citros.citros_obj._validate:49] [DEBUG]:       ParameterSetup._validate()
[2024-01-02 23:38:24,651] [citros.citros_obj._validate:490] [DEBUG]:    Simulation: return True
[2024-01-02 23:38:24,652] [citros.citros_obj.__init__:91] [DEBUG]: Citros root=.
[2024-01-02 23:38:24,652] [citros.citros_obj.__init__:93] [DEBUG]:    Simulation.init(name=simulation_cannon_numeric, new=True)
[2024-01-02 23:38:24,653] [citros.citros_obj._new:506] [DEBUG]:    Simulation._new()
[2024-01-02 23:38:24,654] [citros.citros_obj._validate:452] [DEBUG]:    Simulation._validate()
[2024-01-02 23:38:24,656] [citros.citros_obj.__init__:91] [DEBUG]: Citros root=.
[2024-01-02 23:38:24,657] [citros.citros_obj.__init__:93] [DEBUG]:       ParameterSetup.init(name=default_param_setup, new=True)
[2024-01-02 23:38:24,658] [citros.citros_obj._validate:49] [DEBUG]:       ParameterSetup._validate()
[2024-01-02 23:38:24,661] [citros.citros_obj._validate:490] [DEBUG]:    Simulation: return True
